<?xml version="1.0" encoding="UTF-8"?>
<!-- Generated by org.testng.reporters.JUnitXMLReporter -->
<testsuite ignored="0" hostname="LAPTOP-0GH4P4F4" failures="0" tests="2" name="LoginModule" time="12.461" errors="0" timestamp="2021-01-02T17:48:41 BDT">
  <testcase classname="com.bitm.HWofMavenPROJECT.Test.LoginHROrangeTest" name="homepagetitleverify" time="8.053"/>
  <testcase classname="com.bitm.HWofMavenPROJECT.Test.LoginHROrangeTest" name="logintest" time="4.359"/>
</testsuite> <!-- LoginModule -->
