<?xml version="1.0" encoding="UTF-8"?>
<!-- Generated by org.testng.reporters.JUnitXMLReporter -->
<testsuite ignored="0" hostname="LAPTOP-0GH4P4F4" failures="0" tests="2" name="Default test" time="11.391" errors="0" timestamp="2021-01-02T12:59:51 BDT">
  <testcase classname="com.bitm.HWofMavenPROJECT.Test.LoginHROrangeTest" name="homepagetitleverify" time="7.015"/>
  <testcase classname="com.bitm.HWofMavenPROJECT.Test.LoginHROrangeTest" name="logintest" time="4.35"/>
</testsuite> <!-- Default test -->
