<?xml version="1.0" encoding="UTF-8"?>
<testng-results ignored="0" total="3" passed="3" failed="0" skipped="0">
  <reporter-output>
  </reporter-output>
  <suite started-at="2021-01-02T17:48:28 BDT" name="SeleniumOnlineProject3" finished-at="2021-01-02T17:48:43 BDT" duration-ms="15204">
    <groups>
    </groups>
    <test started-at="2021-01-02T17:48:28 BDT" name="LoginModule" finished-at="2021-01-02T17:48:41 BDT" duration-ms="12461">
      <class name="com.bitm.HWofMavenPROJECT.Test.LoginHROrangeTest">
        <test-method signature="homepagetitleverify()[pri:0, instance:com.bitm.HWofMavenPROJECT.Test.LoginHROrangeTest@65b3f4a4]" started-at="2021-01-02T17:48:28 BDT" name="homepagetitleverify" finished-at="2021-01-02T17:48:36 BDT" duration-ms="8053" status="PASS">
          <reporter-output>
          </reporter-output>
        </test-method> <!-- homepagetitleverify -->
        <test-method signature="logintest()[pri:0, instance:com.bitm.HWofMavenPROJECT.Test.LoginHROrangeTest@65b3f4a4]" started-at="2021-01-02T17:48:36 BDT" name="logintest" finished-at="2021-01-02T17:48:41 BDT" depends-on-methods="com.bitm.HWofMavenPROJECT.Test.LoginHROrangeTest.homepagetitleverify" duration-ms="4359" status="PASS">
          <reporter-output>
          </reporter-output>
        </test-method> <!-- logintest -->
      </class> <!-- com.bitm.HWofMavenPROJECT.Test.LoginHROrangeTest -->
    </test> <!-- LoginModule -->
    <test started-at="2021-01-02T17:48:41 BDT" name="AssignLeaveModule" finished-at="2021-01-02T17:48:43 BDT" duration-ms="2645">
      <class name="com.bitm.HWofMavenPROJECT.Test.AssignLeaveTest">
        <test-method signature="assignleavetest()[pri:0, instance:com.bitm.HWofMavenPROJECT.Test.AssignLeaveTest@1bb266b3]" started-at="2021-01-02T17:48:41 BDT" name="assignleavetest" finished-at="2021-01-02T17:48:43 BDT" duration-ms="2642" status="PASS">
          <reporter-output>
          </reporter-output>
        </test-method> <!-- assignleavetest -->
      </class> <!-- com.bitm.HWofMavenPROJECT.Test.AssignLeaveTest -->
    </test> <!-- AssignLeaveModule -->
  </suite> <!-- SeleniumOnlineProject3 -->
</testng-results>
